  SceneManager.cpp
C:\Users\adrea\OneDrive\Documents\SNHU\2024 School Year\Sep - Oct\Comp Graphic and Visualization\CS330Content29June\CS330Content\Projects\7-1_FinalProjectMilestones\Source\SceneManager.cpp(223,16): warning C4018: '<': signed/unsigned mismatch
C:\Users\adrea\OneDrive\Documents\SNHU\2024 School Year\Sep - Oct\Comp Graphic and Visualization\CS330Content29June\CS330Content\Projects\7-1_FinalProjectMilestones\Source\SceneManager.cpp(415,27): warning C4305: '=': truncation from 'double' to 'float'
C:\Users\adrea\OneDrive\Documents\SNHU\2024 School Year\Sep - Oct\Comp Graphic and Visualization\CS330Content29June\CS330Content\Projects\7-1_FinalProjectMilestones\Source\SceneManager.cpp(511,31): warning C4305: 'argument': truncation from 'double' to 'float'
C:\Users\adrea\OneDrive\Documents\SNHU\2024 School Year\Sep - Oct\Comp Graphic and Visualization\CS330Content29June\CS330Content\Projects\7-1_FinalProjectMilestones\Source\SceneManager.cpp(511,24): warning C4305: 'argument': truncation from 'double' to 'float'
C:\Users\adrea\OneDrive\Documents\SNHU\2024 School Year\Sep - Oct\Comp Graphic and Visualization\CS330Content29June\CS330Content\Projects\7-1_FinalProjectMilestones\Source\SceneManager.cpp(511,17): warning C4305: 'argument': truncation from 'double' to 'float'
C:\Users\adrea\OneDrive\Documents\SNHU\2024 School Year\Sep - Oct\Comp Graphic and Visualization\CS330Content29June\CS330Content\Projects\7-1_FinalProjectMilestones\Source\SceneManager.cpp(547,31): warning C4305: 'argument': truncation from 'double' to 'float'
C:\Users\adrea\OneDrive\Documents\SNHU\2024 School Year\Sep - Oct\Comp Graphic and Visualization\CS330Content29June\CS330Content\Projects\7-1_FinalProjectMilestones\Source\SceneManager.cpp(547,24): warning C4305: 'argument': truncation from 'double' to 'float'
C:\Users\adrea\OneDrive\Documents\SNHU\2024 School Year\Sep - Oct\Comp Graphic and Visualization\CS330Content29June\CS330Content\Projects\7-1_FinalProjectMilestones\Source\SceneManager.cpp(547,17): warning C4305: 'argument': truncation from 'double' to 'float'
C:\Users\adrea\OneDrive\Documents\SNHU\2024 School Year\Sep - Oct\Comp Graphic and Visualization\CS330Content29June\CS330Content\Projects\7-1_FinalProjectMilestones\Source\SceneManager.cpp(764,31): warning C4305: 'argument': truncation from 'double' to 'float'
C:\Users\adrea\OneDrive\Documents\SNHU\2024 School Year\Sep - Oct\Comp Graphic and Visualization\CS330Content29June\CS330Content\Projects\7-1_FinalProjectMilestones\Source\SceneManager.cpp(764,24): warning C4305: 'argument': truncation from 'double' to 'float'
C:\Users\adrea\OneDrive\Documents\SNHU\2024 School Year\Sep - Oct\Comp Graphic and Visualization\CS330Content29June\CS330Content\Projects\7-1_FinalProjectMilestones\Source\SceneManager.cpp(764,17): warning C4305: 'argument': truncation from 'double' to 'float'
C:\Users\adrea\OneDrive\Documents\SNHU\2024 School Year\Sep - Oct\Comp Graphic and Visualization\CS330Content29June\CS330Content\Projects\7-1_FinalProjectMilestones\Source\SceneManager.cpp(803,31): warning C4305: 'argument': truncation from 'double' to 'float'
C:\Users\adrea\OneDrive\Documents\SNHU\2024 School Year\Sep - Oct\Comp Graphic and Visualization\CS330Content29June\CS330Content\Projects\7-1_FinalProjectMilestones\Source\SceneManager.cpp(803,24): warning C4305: 'argument': truncation from 'double' to 'float'
C:\Users\adrea\OneDrive\Documents\SNHU\2024 School Year\Sep - Oct\Comp Graphic and Visualization\CS330Content29June\CS330Content\Projects\7-1_FinalProjectMilestones\Source\SceneManager.cpp(803,17): warning C4305: 'argument': truncation from 'double' to 'float'
C:\Users\adrea\OneDrive\Documents\SNHU\2024 School Year\Sep - Oct\Comp Graphic and Visualization\CS330Content29June\CS330Content\Projects\7-1_FinalProjectMilestones\Source\SceneManager.cpp(840,31): warning C4305: 'argument': truncation from 'double' to 'float'
C:\Users\adrea\OneDrive\Documents\SNHU\2024 School Year\Sep - Oct\Comp Graphic and Visualization\CS330Content29June\CS330Content\Projects\7-1_FinalProjectMilestones\Source\SceneManager.cpp(840,24): warning C4305: 'argument': truncation from 'double' to 'float'
C:\Users\adrea\OneDrive\Documents\SNHU\2024 School Year\Sep - Oct\Comp Graphic and Visualization\CS330Content29June\CS330Content\Projects\7-1_FinalProjectMilestones\Source\SceneManager.cpp(840,17): warning C4305: 'argument': truncation from 'double' to 'float'
C:\Users\adrea\OneDrive\Documents\SNHU\2024 School Year\Sep - Oct\Comp Graphic and Visualization\CS330Content29June\CS330Content\Projects\7-1_FinalProjectMilestones\Source\SceneManager.cpp(878,31): warning C4305: 'argument': truncation from 'double' to 'float'
C:\Users\adrea\OneDrive\Documents\SNHU\2024 School Year\Sep - Oct\Comp Graphic and Visualization\CS330Content29June\CS330Content\Projects\7-1_FinalProjectMilestones\Source\SceneManager.cpp(878,24): warning C4305: 'argument': truncation from 'double' to 'float'
C:\Users\adrea\OneDrive\Documents\SNHU\2024 School Year\Sep - Oct\Comp Graphic and Visualization\CS330Content29June\CS330Content\Projects\7-1_FinalProjectMilestones\Source\SceneManager.cpp(878,17): warning C4305: 'argument': truncation from 'double' to 'float'
C:\Users\adrea\OneDrive\Documents\SNHU\2024 School Year\Sep - Oct\Comp Graphic and Visualization\CS330Content29June\CS330Content\Projects\7-1_FinalProjectMilestones\Source\SceneManager.cpp(919,31): warning C4305: 'argument': truncation from 'double' to 'float'
C:\Users\adrea\OneDrive\Documents\SNHU\2024 School Year\Sep - Oct\Comp Graphic and Visualization\CS330Content29June\CS330Content\Projects\7-1_FinalProjectMilestones\Source\SceneManager.cpp(919,24): warning C4305: 'argument': truncation from 'double' to 'float'
C:\Users\adrea\OneDrive\Documents\SNHU\2024 School Year\Sep - Oct\Comp Graphic and Visualization\CS330Content29June\CS330Content\Projects\7-1_FinalProjectMilestones\Source\SceneManager.cpp(919,17): warning C4305: 'argument': truncation from 'double' to 'float'
C:\Users\adrea\OneDrive\Documents\SNHU\2024 School Year\Sep - Oct\Comp Graphic and Visualization\CS330Content29June\CS330Content\Projects\7-1_FinalProjectMilestones\Source\SceneManager.cpp(959,31): warning C4305: 'argument': truncation from 'double' to 'float'
C:\Users\adrea\OneDrive\Documents\SNHU\2024 School Year\Sep - Oct\Comp Graphic and Visualization\CS330Content29June\CS330Content\Projects\7-1_FinalProjectMilestones\Source\SceneManager.cpp(959,24): warning C4305: 'argument': truncation from 'double' to 'float'
C:\Users\adrea\OneDrive\Documents\SNHU\2024 School Year\Sep - Oct\Comp Graphic and Visualization\CS330Content29June\CS330Content\Projects\7-1_FinalProjectMilestones\Source\SceneManager.cpp(959,17): warning C4305: 'argument': truncation from 'double' to 'float'
C:\Users\adrea\OneDrive\Documents\SNHU\2024 School Year\Sep - Oct\Comp Graphic and Visualization\CS330Content29June\CS330Content\Projects\7-1_FinalProjectMilestones\Source\SceneManager.cpp(997,31): warning C4305: 'argument': truncation from 'double' to 'float'
C:\Users\adrea\OneDrive\Documents\SNHU\2024 School Year\Sep - Oct\Comp Graphic and Visualization\CS330Content29June\CS330Content\Projects\7-1_FinalProjectMilestones\Source\SceneManager.cpp(997,24): warning C4305: 'argument': truncation from 'double' to 'float'
C:\Users\adrea\OneDrive\Documents\SNHU\2024 School Year\Sep - Oct\Comp Graphic and Visualization\CS330Content29June\CS330Content\Projects\7-1_FinalProjectMilestones\Source\SceneManager.cpp(997,17): warning C4305: 'argument': truncation from 'double' to 'float'
C:\Users\adrea\OneDrive\Documents\SNHU\2024 School Year\Sep - Oct\Comp Graphic and Visualization\CS330Content29June\CS330Content\Projects\7-1_FinalProjectMilestones\Source\SceneManager.cpp(1288,31): warning C4305: 'argument': truncation from 'double' to 'float'
C:\Users\adrea\OneDrive\Documents\SNHU\2024 School Year\Sep - Oct\Comp Graphic and Visualization\CS330Content29June\CS330Content\Projects\7-1_FinalProjectMilestones\Source\SceneManager.cpp(1288,24): warning C4305: 'argument': truncation from 'double' to 'float'
C:\Users\adrea\OneDrive\Documents\SNHU\2024 School Year\Sep - Oct\Comp Graphic and Visualization\CS330Content29June\CS330Content\Projects\7-1_FinalProjectMilestones\Source\SceneManager.cpp(1288,17): warning C4305: 'argument': truncation from 'double' to 'float'
C:\Users\adrea\OneDrive\Documents\SNHU\2024 School Year\Sep - Oct\Comp Graphic and Visualization\CS330Content29June\CS330Content\Projects\7-1_FinalProjectMilestones\Source\SceneManager.cpp(1323,31): warning C4305: 'argument': truncation from 'double' to 'float'
C:\Users\adrea\OneDrive\Documents\SNHU\2024 School Year\Sep - Oct\Comp Graphic and Visualization\CS330Content29June\CS330Content\Projects\7-1_FinalProjectMilestones\Source\SceneManager.cpp(1323,24): warning C4305: 'argument': truncation from 'double' to 'float'
C:\Users\adrea\OneDrive\Documents\SNHU\2024 School Year\Sep - Oct\Comp Graphic and Visualization\CS330Content29June\CS330Content\Projects\7-1_FinalProjectMilestones\Source\SceneManager.cpp(1323,17): warning C4305: 'argument': truncation from 'double' to 'float'
C:\Users\adrea\OneDrive\Documents\SNHU\2024 School Year\Sep - Oct\Comp Graphic and Visualization\CS330Content29June\CS330Content\Projects\7-1_FinalProjectMilestones\Source\SceneManager.cpp(1358,31): warning C4305: 'argument': truncation from 'double' to 'float'
C:\Users\adrea\OneDrive\Documents\SNHU\2024 School Year\Sep - Oct\Comp Graphic and Visualization\CS330Content29June\CS330Content\Projects\7-1_FinalProjectMilestones\Source\SceneManager.cpp(1358,24): warning C4305: 'argument': truncation from 'double' to 'float'
C:\Users\adrea\OneDrive\Documents\SNHU\2024 School Year\Sep - Oct\Comp Graphic and Visualization\CS330Content29June\CS330Content\Projects\7-1_FinalProjectMilestones\Source\SceneManager.cpp(1358,17): warning C4305: 'argument': truncation from 'double' to 'float'
C:\Users\adrea\OneDrive\Documents\SNHU\2024 School Year\Sep - Oct\Comp Graphic and Visualization\CS330Content29June\CS330Content\Projects\7-1_FinalProjectMilestones\Source\SceneManager.cpp(1393,31): warning C4305: 'argument': truncation from 'double' to 'float'
C:\Users\adrea\OneDrive\Documents\SNHU\2024 School Year\Sep - Oct\Comp Graphic and Visualization\CS330Content29June\CS330Content\Projects\7-1_FinalProjectMilestones\Source\SceneManager.cpp(1428,31): warning C4305: 'argument': truncation from 'double' to 'float'
C:\Users\adrea\OneDrive\Documents\SNHU\2024 School Year\Sep - Oct\Comp Graphic and Visualization\CS330Content29June\CS330Content\Projects\7-1_FinalProjectMilestones\Source\SceneManager.cpp(1428,24): warning C4305: 'argument': truncation from 'double' to 'float'
C:\Users\adrea\OneDrive\Documents\SNHU\2024 School Year\Sep - Oct\Comp Graphic and Visualization\CS330Content29June\CS330Content\Projects\7-1_FinalProjectMilestones\Source\SceneManager.cpp(1428,17): warning C4305: 'argument': truncation from 'double' to 'float'
C:\Users\adrea\OneDrive\Documents\SNHU\2024 School Year\Sep - Oct\Comp Graphic and Visualization\CS330Content29June\CS330Content\Projects\7-1_FinalProjectMilestones\Source\SceneManager.cpp(1464,31): warning C4305: 'argument': truncation from 'double' to 'float'
C:\Users\adrea\OneDrive\Documents\SNHU\2024 School Year\Sep - Oct\Comp Graphic and Visualization\CS330Content29June\CS330Content\Projects\7-1_FinalProjectMilestones\Source\SceneManager.cpp(1464,24): warning C4305: 'argument': truncation from 'double' to 'float'
C:\Users\adrea\OneDrive\Documents\SNHU\2024 School Year\Sep - Oct\Comp Graphic and Visualization\CS330Content29June\CS330Content\Projects\7-1_FinalProjectMilestones\Source\SceneManager.cpp(1464,17): warning C4305: 'argument': truncation from 'double' to 'float'
C:\Users\adrea\OneDrive\Documents\SNHU\2024 School Year\Sep - Oct\Comp Graphic and Visualization\CS330Content29June\CS330Content\Projects\7-1_FinalProjectMilestones\Source\SceneManager.cpp(1499,31): warning C4305: 'argument': truncation from 'double' to 'float'
C:\Users\adrea\OneDrive\Documents\SNHU\2024 School Year\Sep - Oct\Comp Graphic and Visualization\CS330Content29June\CS330Content\Projects\7-1_FinalProjectMilestones\Source\SceneManager.cpp(1499,24): warning C4305: 'argument': truncation from 'double' to 'float'
C:\Users\adrea\OneDrive\Documents\SNHU\2024 School Year\Sep - Oct\Comp Graphic and Visualization\CS330Content29June\CS330Content\Projects\7-1_FinalProjectMilestones\Source\SceneManager.cpp(1499,17): warning C4305: 'argument': truncation from 'double' to 'float'
C:\Users\adrea\OneDrive\Documents\SNHU\2024 School Year\Sep - Oct\Comp Graphic and Visualization\CS330Content29June\CS330Content\Projects\7-1_FinalProjectMilestones\Source\SceneManager.cpp(1790,31): warning C4305: 'argument': truncation from 'double' to 'float'
C:\Users\adrea\OneDrive\Documents\SNHU\2024 School Year\Sep - Oct\Comp Graphic and Visualization\CS330Content29June\CS330Content\Projects\7-1_FinalProjectMilestones\Source\SceneManager.cpp(1790,24): warning C4305: 'argument': truncation from 'double' to 'float'
C:\Users\adrea\OneDrive\Documents\SNHU\2024 School Year\Sep - Oct\Comp Graphic and Visualization\CS330Content29June\CS330Content\Projects\7-1_FinalProjectMilestones\Source\SceneManager.cpp(1790,17): warning C4305: 'argument': truncation from 'double' to 'float'
C:\Users\adrea\OneDrive\Documents\SNHU\2024 School Year\Sep - Oct\Comp Graphic and Visualization\CS330Content29June\CS330Content\Projects\7-1_FinalProjectMilestones\Source\SceneManager.cpp(1825,31): warning C4305: 'argument': truncation from 'double' to 'float'
C:\Users\adrea\OneDrive\Documents\SNHU\2024 School Year\Sep - Oct\Comp Graphic and Visualization\CS330Content29June\CS330Content\Projects\7-1_FinalProjectMilestones\Source\SceneManager.cpp(1825,24): warning C4305: 'argument': truncation from 'double' to 'float'
C:\Users\adrea\OneDrive\Documents\SNHU\2024 School Year\Sep - Oct\Comp Graphic and Visualization\CS330Content29June\CS330Content\Projects\7-1_FinalProjectMilestones\Source\SceneManager.cpp(1825,17): warning C4305: 'argument': truncation from 'double' to 'float'
C:\Users\adrea\OneDrive\Documents\SNHU\2024 School Year\Sep - Oct\Comp Graphic and Visualization\CS330Content29June\CS330Content\Projects\7-1_FinalProjectMilestones\Source\SceneManager.cpp(1860,31): warning C4305: 'argument': truncation from 'double' to 'float'
C:\Users\adrea\OneDrive\Documents\SNHU\2024 School Year\Sep - Oct\Comp Graphic and Visualization\CS330Content29June\CS330Content\Projects\7-1_FinalProjectMilestones\Source\SceneManager.cpp(1860,24): warning C4305: 'argument': truncation from 'double' to 'float'
C:\Users\adrea\OneDrive\Documents\SNHU\2024 School Year\Sep - Oct\Comp Graphic and Visualization\CS330Content29June\CS330Content\Projects\7-1_FinalProjectMilestones\Source\SceneManager.cpp(1860,17): warning C4305: 'argument': truncation from 'double' to 'float'
C:\Users\adrea\OneDrive\Documents\SNHU\2024 School Year\Sep - Oct\Comp Graphic and Visualization\CS330Content29June\CS330Content\Projects\7-1_FinalProjectMilestones\Source\SceneManager.cpp(1895,31): warning C4305: 'argument': truncation from 'double' to 'float'
C:\Users\adrea\OneDrive\Documents\SNHU\2024 School Year\Sep - Oct\Comp Graphic and Visualization\CS330Content29June\CS330Content\Projects\7-1_FinalProjectMilestones\Source\SceneManager.cpp(1930,31): warning C4305: 'argument': truncation from 'double' to 'float'
C:\Users\adrea\OneDrive\Documents\SNHU\2024 School Year\Sep - Oct\Comp Graphic and Visualization\CS330Content29June\CS330Content\Projects\7-1_FinalProjectMilestones\Source\SceneManager.cpp(1930,24): warning C4305: 'argument': truncation from 'double' to 'float'
C:\Users\adrea\OneDrive\Documents\SNHU\2024 School Year\Sep - Oct\Comp Graphic and Visualization\CS330Content29June\CS330Content\Projects\7-1_FinalProjectMilestones\Source\SceneManager.cpp(1930,17): warning C4305: 'argument': truncation from 'double' to 'float'
  7-1_FinalProjectMilestones.vcxproj -> C:\Users\adrea\OneDrive\Documents\SNHU\2024 School Year\Sep - Oct\Comp Graphic and Visualization\CS330Content29June\CS330Content\Projects\7-1_FinalProjectMilestones\Debug\7-1_FinalProjectMilestones.exe
